<?xml version="1.0" encoding="UTF-8"?>
<testng-results ignored="0" total="4" passed="4" failed="0" skipped="0">
  <reporter-output>
  </reporter-output>
  <suite started-at="2025-11-05T08:21:10 IST" name="Default suite" finished-at="2025-11-05T08:22:12 IST" duration-ms="62493">
    <groups>
    </groups>
    <test started-at="2025-11-05T08:21:10 IST" name="Default test" finished-at="2025-11-05T08:22:12 IST" duration-ms="62493">
      <class name="com.orangehrm.testCases.AdminTests">
        <test-method is-config="true" signature="setup()[pri:0, instance:com.orangehrm.testCases.AdminTests@2a4fb17b]" started-at="2025-11-05T08:21:10 IST" name="setup" finished-at="2025-11-05T08:21:31 IST" duration-ms="20872" status="PASS">
          <reporter-output>
          </reporter-output>
        </test-method> <!-- setup -->
        <test-method signature="verifyMenuCount()[pri:1, instance:com.orangehrm.testCases.AdminTests@2a4fb17b]" started-at="2025-11-05T08:21:31 IST" name="verifyMenuCount" finished-at="2025-11-05T08:21:32 IST" duration-ms="1161" status="PASS">
          <reporter-output>
          </reporter-output>
        </test-method> <!-- verifyMenuCount -->
        <test-method is-config="true" signature="tearDown()[pri:0, instance:com.orangehrm.testCases.AdminTests@2a4fb17b]" started-at="2025-11-05T08:21:32 IST" name="tearDown" finished-at="2025-11-05T08:21:32 IST" duration-ms="100" status="PASS">
          <reporter-output>
          </reporter-output>
        </test-method> <!-- tearDown -->
        <test-method is-config="true" signature="setup()[pri:0, instance:com.orangehrm.testCases.AdminTests@2a4fb17b]" started-at="2025-11-05T08:21:32 IST" name="setup" finished-at="2025-11-05T08:21:42 IST" duration-ms="9755" status="PASS">
          <reporter-output>
          </reporter-output>
        </test-method> <!-- setup -->
        <test-method signature="searchByUsername()[pri:2, instance:com.orangehrm.testCases.AdminTests@2a4fb17b]" started-at="2025-11-05T08:21:42 IST" name="searchByUsername" finished-at="2025-11-05T08:21:45 IST" duration-ms="3128" status="PASS">
          <reporter-output>
          </reporter-output>
        </test-method> <!-- searchByUsername -->
        <test-method is-config="true" signature="tearDown()[pri:0, instance:com.orangehrm.testCases.AdminTests@2a4fb17b]" started-at="2025-11-05T08:21:45 IST" name="tearDown" finished-at="2025-11-05T08:21:45 IST" duration-ms="93" status="PASS">
          <reporter-output>
          </reporter-output>
        </test-method> <!-- tearDown -->
        <test-method is-config="true" signature="setup()[pri:0, instance:com.orangehrm.testCases.AdminTests@2a4fb17b]" started-at="2025-11-05T08:21:45 IST" name="setup" finished-at="2025-11-05T08:21:55 IST" duration-ms="10305" status="PASS">
          <reporter-output>
          </reporter-output>
        </test-method> <!-- setup -->
        <test-method signature="searchByUserRole()[pri:3, instance:com.orangehrm.testCases.AdminTests@2a4fb17b]" started-at="2025-11-05T08:21:55 IST" name="searchByUserRole" finished-at="2025-11-05T08:21:59 IST" duration-ms="3274" status="PASS">
          <reporter-output>
          </reporter-output>
        </test-method> <!-- searchByUserRole -->
        <test-method is-config="true" signature="tearDown()[pri:0, instance:com.orangehrm.testCases.AdminTests@2a4fb17b]" started-at="2025-11-05T08:21:59 IST" name="tearDown" finished-at="2025-11-05T08:21:59 IST" duration-ms="93" status="PASS">
          <reporter-output>
          </reporter-output>
        </test-method> <!-- tearDown -->
        <test-method is-config="true" signature="setup()[pri:0, instance:com.orangehrm.testCases.AdminTests@2a4fb17b]" started-at="2025-11-05T08:21:59 IST" name="setup" finished-at="2025-11-05T08:22:09 IST" duration-ms="10396" status="PASS">
          <reporter-output>
          </reporter-output>
        </test-method> <!-- setup -->
        <test-method signature="searchByStatus()[pri:4, instance:com.orangehrm.testCases.AdminTests@2a4fb17b]" started-at="2025-11-05T08:22:09 IST" name="searchByStatus" finished-at="2025-11-05T08:22:12 IST" duration-ms="3200" status="PASS">
          <reporter-output>
          </reporter-output>
        </test-method> <!-- searchByStatus -->
        <test-method is-config="true" signature="tearDown()[pri:0, instance:com.orangehrm.testCases.AdminTests@2a4fb17b]" started-at="2025-11-05T08:22:12 IST" name="tearDown" finished-at="2025-11-05T08:22:12 IST" duration-ms="88" status="PASS">
          <reporter-output>
          </reporter-output>
        </test-method> <!-- tearDown -->
      </class> <!-- com.orangehrm.testCases.AdminTests -->
    </test> <!-- Default test -->
  </suite> <!-- Default suite -->
</testng-results>
