<?xml version="1.0" encoding="UTF-8"?>
<!-- Generated by org.testng.reporters.JUnitReportReporter -->
<testsuite hostname="Vaibhavs-MacBook-Air.local" failures="0" tests="4" name="com.orangehrm.testCases.AdminTests" time="62.465" errors="0" timestamp="2025-11-05T08:22:13 IST" skipped="0">
  <testcase classname="com.orangehrm.testCases.AdminTests" name="verifyMenuCount" time="11.009"/>
  <testcase classname="com.orangehrm.testCases.AdminTests" name="searchByUsername" time="24.093"/>
  <testcase classname="com.orangehrm.testCases.AdminTests" name="searchByUserRole" time="13.758"/>
  <testcase classname="com.orangehrm.testCases.AdminTests" name="searchByStatus" time="13.605"/>
</testsuite> <!-- com.orangehrm.testCases.AdminTests -->
